
3월 12, 2021 15:18:53.58 NEW SESSION
3월 12, 2021 15:18:53.58 [5324:10620:0312/151853.578:ERROR:component_installer.cc(327)] Failed to read manifest or verify installation for Crowd Deny (C:\Users\Administrator\AppData\Local\Google\Chrome\User Data\Crowd Deny\2021.3.1.1201).: 지정된 파일을 찾을 수 없습니다. (0x2)

3월 17, 2021 15:26:08.49 NEW SESSION
3월 17, 2021 15:26:08.49 [Parent 9996, IPC I/O Parent] WARNING: file /builds/worker/checkouts/gecko/ipc/chromium/src/base/process_util_win.cc:167

4월 26, 2021 10:25:39.81 NEW SESSION
4월 26, 2021 10:25:39.81 [7932:1196:0426/102539.811:ERROR:device_event_log_impl.cc(214)] [10:25:39.809] FIDO: webauthn_api.cc:54 Windows WebAuthn API failed to load
4월 26, 2021 10:26:16.30 [7512:7524:0426/102616.302:ERROR:device_event_log_impl.cc(214)] [10:26:16.299] FIDO: webauthn_api.cc:54 Windows WebAuthn API failed to load
4월 26, 2021 10:26:29.26 [7596:2560:0426/102629.260:ERROR:device_event_log_impl.cc(214)] [10:26:29.257] FIDO: webauthn_api.cc:54 Windows WebAuthn API failed to load

4월 27, 2021 13:08:20.20 NEW SESSION
4월 27, 2021 13:08:20.20 [11808:8184:0427/130820.200:ERROR:device_event_log_impl.cc(214)] [13:08:20.195] FIDO: webauthn_api.cc:54 Windows WebAuthn API failed to load

4월 29, 2021 19:29:50.08 NEW SESSION
4월 29, 2021 19:29:50.08 Failed to parse JSON adblock resources: EOF while parsing a value at line 1 column 0
4월 29, 2021 19:29:50.43 [8736:3948:0429/192950.434:ERROR:CONSOLE(1)] "[Shields]: Can't request shields panel data. Error: No tab url specified", source: chrome-extension://mnojpmjdmbbfmejpflffifhffcmidifd/out/brave_extension_background.bundle.js (1)
4월 29, 2021 19:29:50.90 [8736:3948:0429/192950.907:ERROR:sharing_service.cc(218)] Device registration failed with fatal error
4월 29, 2021 19:29:55.92 [8736:3948:0429/192955.921:ERROR:device_event_log_impl.cc(214)] [19:29:55.921] Bluetooth: bluetooth_adapter_winrt.cc:1072 Getting Default Adapter failed.
4월 29, 2021 19:34:09.74 [8736:3948:0429/193409.744:ERROR:CONSOLE(1)] "[Shields]: Can't request shields panel data. Error: No tab url specified", source: chrome-extension://mnojpmjdmbbfmejpflffifhffcmidifd/out/brave_extension_background.bundle.js (1)
4월 29, 2021 19:34:09.74 [8736:3948:0429/193409.746:ERROR:CONSOLE(1)] "[Shields]: Can't request shields panel data. Error: No tab url specified", source: chrome-extension://mnojpmjdmbbfmejpflffifhffcmidifd/out/brave_extension_background.bundle.js (1)
4월 29, 2021 19:52:43.86 [8736:3948:0429/195243.863:ERROR:CONSOLE(1)] "[Shields]: Can't request shields panel data. Error: No tab url specified", source: chrome-extension://mnojpmjdmbbfmejpflffifhffcmidifd/out/brave_extension_background.bundle.js (1)
4월 29, 2021 19:52:43.86 [8736:3948:0429/195243.866:ERROR:CONSOLE(1)] "[Shields]: Can't request shields panel data. Error: No tab url specified", source: chrome-extension://mnojpmjdmbbfmejpflffifhffcmidifd/out/brave_extension_background.bundle.js (1)
4월 29, 2021 19:52:43.99 [8736:3948:0429/195243.991:ERROR:os_crypt_win.cc(93)] Failed to decrypt: 매개 변수가 틀립니다. (0x57)
4월 29, 2021 19:52:43.99 [8736:3948:0429/195243.991:ERROR:binance_service.cc(307)] Could not decrypt and save Binance token info.
4월 29, 2021 20:08:27.84 [8736:3948:0429/200827.847:ERROR:CONSOLE(1)] "[Shields]: Can't request shields panel data. Error: No tab url specified", source: chrome-extension://mnojpmjdmbbfmejpflffifhffcmidifd/out/brave_extension_background.bundle.js (1)
4월 29, 2021 20:08:27.84 [8736:3948:0429/200827.848:ERROR:CONSOLE(1)] "[Shields]: Can't request shields panel data. Error: No tab url specified", source: chrome-extension://mnojpmjdmbbfmejpflffifhffcmidifd/out/brave_extension_background.bundle.js (1)
4월 29, 2021 20:08:27.84 [8736:3948:0429/200827.849:ERROR:CONSOLE(1)] "[Shields]: Can't request shields panel data. Error: No tab url specified", source: chrome-extension://mnojpmjdmbbfmejpflffifhffcmidifd/out/brave_extension_background.bundle.js (1)
4월 29, 2021 20:43:00.24 [8736:3948:0429/204300.246:ERROR:CONSOLE(1)] "[Shields]: Can't request shields panel data. Error: No tab url specified", source: chrome-extension://mnojpmjdmbbfmejpflffifhffcmidifd/out/brave_extension_background.bundle.js (1)
4월 29, 2021 20:43:00.25 [8736:3948:0429/204300.251:ERROR:CONSOLE(1)] "[Shields]: Can't request shields panel data. Error: No tab url specified", source: chrome-extension://mnojpmjdmbbfmejpflffifhffcmidifd/out/brave_extension_background.bundle.js (1)
4월 29, 2021 20:43:51.34 [8736:3948:0429/204351.344:ERROR:CONSOLE(1)] "[Shields]: Can't request shields panel data. Error: No tab url specified", source: chrome-extension://mnojpmjdmbbfmejpflffifhffcmidifd/out/brave_extension_background.bundle.js (1)
4월 29, 2021 20:43:51.34 [8736:3948:0429/204351.347:ERROR:CONSOLE(1)] "[Shields]: Can't request shields panel data. Error: No tab url specified", source: chrome-extension://mnojpmjdmbbfmejpflffifhffcmidifd/out/brave_extension_background.bundle.js (1)
4월 29, 2021 20:49:02.30 [8736:3948:0429/204902.301:ERROR:CONSOLE(1)] "[Shields]: Can't request shields panel data. Error: No tab url specified", source: chrome-extension://mnojpmjdmbbfmejpflffifhffcmidifd/out/brave_extension_background.bundle.js (1)
4월 29, 2021 20:49:02.30 [8736:3948:0429/204902.302:ERROR:CONSOLE(1)] "[Shields]: Can't request shields panel data. Error: No tab url specified", source: chrome-extension://mnojpmjdmbbfmejpflffifhffcmidifd/out/brave_extension_background.bundle.js (1)
4월 29, 2021 20:49:02.30 [8736:3948:0429/204902.306:ERROR:CONSOLE(1)] "[Shields]: Can't request shields panel data. Error: No tab url specified", source: chrome-extension://mnojpmjdmbbfmejpflffifhffcmidifd/out/brave_extension_background.bundle.js (1)
4월 29, 2021 20:49:51.51 [8736:3948:0429/204951.517:ERROR:CONSOLE(1)] "[Shields]: Can't request shields panel data. Error: No tab url specified", source: chrome-extension://mnojpmjdmbbfmejpflffifhffcmidifd/out/brave_extension_background.bundle.js (1)
4월 29, 2021 20:49:51.52 [8736:3948:0429/204951.519:ERROR:CONSOLE(1)] "[Shields]: Can't request shields panel data. Error: No tab url specified", source: chrome-extension://mnojpmjdmbbfmejpflffifhffcmidifd/out/brave_extension_background.bundle.js (1)
4월 29, 2021 20:54:23.54 [8736:3948:0429/205423.541:ERROR:CONSOLE(1)] "[Shields]: Can't request shields panel data. Error: No tab url specified", source: chrome-extension://mnojpmjdmbbfmejpflffifhffcmidifd/out/brave_extension_background.bundle.js (1)
4월 29, 2021 20:54:23.54 [8736:3948:0429/205423.543:ERROR:CONSOLE(1)] "[Shields]: Can't request shields panel data. Error: No tab url specified", source: chrome-extension://mnojpmjdmbbfmejpflffifhffcmidifd/out/brave_extension_background.bundle.js (1)
4월 29, 2021 21:03:43.75 [8736:3948:0429/210343.755:ERROR:CONSOLE(1)] "[Shields]: Can't request shields panel data. Error: No tab url specified", source: chrome-extension://mnojpmjdmbbfmejpflffifhffcmidifd/out/brave_extension_background.bundle.js (1)
4월 29, 2021 21:03:43.76 [8736:3948:0429/210343.761:ERROR:CONSOLE(1)] "[Shields]: Can't request shields panel data. Error: No tab url specified", source: chrome-extension://mnojpmjdmbbfmejpflffifhffcmidifd/out/brave_extension_background.bundle.js (1)
4월 29, 2021 21:09:08.08 [8736:3948:0429/210908.089:ERROR:CONSOLE(1)] "[Shields]: Can't request shields panel data. Error: No tab url specified", source: chrome-extension://mnojpmjdmbbfmejpflffifhffcmidifd/out/brave_extension_background.bundle.js (1)
4월 29, 2021 21:09:08.09 [8736:3948:0429/210908.090:ERROR:CONSOLE(1)] "[Shields]: Can't request shields panel data. Error: No tab url specified", source: chrome-extension://mnojpmjdmbbfmejpflffifhffcmidifd/out/brave_extension_background.bundle.js (1)
4월 29, 2021 21:11:48.04 [8736:3948:0429/211148.046:ERROR:CONSOLE(1)] "[Shields]: Can't request shields panel data. Error: No tab url specified", source: chrome-extension://mnojpmjdmbbfmejpflffifhffcmidifd/out/brave_extension_background.bundle.js (1)
4월 29, 2021 21:11:48.04 [8736:3948:0429/211148.047:ERROR:CONSOLE(1)] "[Shields]: Can't request shields panel data. Error: No tab url specified", source: chrome-extension://mnojpmjdmbbfmejpflffifhffcmidifd/out/brave_extension_background.bundle.js (1)
4월 29, 2021 21:13:58.40 [8736:3948:0429/211358.403:ERROR:CONSOLE(1)] "[Shields]: Can't request shields panel data. Error: No tab url specified", source: chrome-extension://mnojpmjdmbbfmejpflffifhffcmidifd/out/brave_extension_background.bundle.js (1)
4월 29, 2021 21:13:58.40 [8736:3948:0429/211358.404:ERROR:CONSOLE(1)] "[Shields]: Can't request shields panel data. Error: No tab url specified", source: chrome-extension://mnojpmjdmbbfmejpflffifhffcmidifd/out/brave_extension_background.bundle.js (1)
4월 29, 2021 21:14:00.05 [8736:3948:0429/211400.054:ERROR:CONSOLE(1)] "Uncaught TypeError: Error in invocation of braveShields.hiddenClassIdSelectors(array classes, array ids, array exceptions, function callback): Error at parameter 'ids': Error at index 3: Invalid type: expected string, found object.", source: chrome-extension://mnojpmjdmbbfmejpflffifhffcmidifd/out/brave_extension_background.bundle.js (1)
4월 29, 2021 21:14:00.06 [8736:3948:0429/211400.062:ERROR:CONSOLE(1)] "Uncaught TypeError: Error in invocation of braveShields.hiddenClassIdSelectors(array classes, array ids, array exceptions, function callback): Error at parameter 'ids': Error at index 2: Invalid type: expected string, found object.", source: chrome-extension://mnojpmjdmbbfmejpflffifhffcmidifd/out/brave_extension_background.bundle.js (1)
4월 29, 2021 21:14:00.07 [8736:3948:0429/211400.071:ERROR:CONSOLE(1)] "Uncaught TypeError: Error in invocation of braveShields.hiddenClassIdSelectors(array classes, array ids, array exceptions, function callback): Error at parameter 'ids': Error at index 0: Invalid type: expected string, found object.", source: chrome-extension://mnojpmjdmbbfmejpflffifhffcmidifd/out/brave_extension_background.bundle.js (1)
4월 29, 2021 21:14:00.08 [8736:3948:0429/211400.086:ERROR:CONSOLE(1)] "Uncaught TypeError: Error in invocation of braveShields.hiddenClassIdSelectors(array classes, array ids, array exceptions, function callback): Error at parameter 'ids': Error at index 4: Invalid type: expected string, found object.", source: chrome-extension://mnojpmjdmbbfmejpflffifhffcmidifd/out/brave_extension_background.bundle.js (1)
4월 29, 2021 21:21:38.45 [8736:3948:0429/212138.452:ERROR:CONSOLE(1)] "[Shields]: Can't request shields panel data. Error: No tab url specified", source: chrome-extension://mnojpmjdmbbfmejpflffifhffcmidifd/out/brave_extension_background.bundle.js (1)
4월 29, 2021 21:21:38.45 [8736:3948:0429/212138.455:ERROR:CONSOLE(1)] "[Shields]: Can't request shields panel data. Error: No tab url specified", source: chrome-extension://mnojpmjdmbbfmejpflffifhffcmidifd/out/brave_extension_background.bundle.js (1)
4월 29, 2021 21:22:42.58 [8736:3948:0429/212242.583:ERROR:CONSOLE(1)] "[Shields]: Can't request shields panel data. Error: No tab url specified", source: chrome-extension://mnojpmjdmbbfmejpflffifhffcmidifd/out/brave_extension_background.bundle.js (1)
4월 29, 2021 21:22:42.58 [8736:3948:0429/212242.586:ERROR:CONSOLE(1)] "[Shields]: Can't request shields panel data. Error: No tab url specified", source: chrome-extension://mnojpmjdmbbfmejpflffifhffcmidifd/out/brave_extension_background.bundle.js (1)
4월 29, 2021 21:22:42.58 [8736:3948:0429/212242.589:ERROR:CONSOLE(1)] "[Shields]: Can't request shields panel data. Error: No tab url specified", source: chrome-extension://mnojpmjdmbbfmejpflffifhffcmidifd/out/brave_extension_background.bundle.js (1)
4월 29, 2021 21:24:02.08 [8736:3948:0429/212402.085:ERROR:CONSOLE(1)] "[Shields]: Can't request shields panel data. Error: No tab url specified", source: chrome-extension://mnojpmjdmbbfmejpflffifhffcmidifd/out/brave_extension_background.bundle.js (1)
4월 29, 2021 21:24:02.08 [8736:3948:0429/212402.087:ERROR:CONSOLE(1)] "[Shields]: Can't request shields panel data. Error: No tab url specified", source: chrome-extension://mnojpmjdmbbfmejpflffifhffcmidifd/out/brave_extension_background.bundle.js (1)
4월 29, 2021 21:24:02.08 [8736:3948:0429/212402.089:ERROR:CONSOLE(1)] "[Shields]: Can't request shields panel data. Error: No tab url specified", source: chrome-extension://mnojpmjdmbbfmejpflffifhffcmidifd/out/brave_extension_background.bundle.js (1)
4월 29, 2021 21:27:18.38 [8736:3948:0429/212718.379:ERROR:CONSOLE(1)] "[Shields]: Can't request shields panel data. Error: No tab url specified", source: chrome-extension://mnojpmjdmbbfmejpflffifhffcmidifd/out/brave_extension_background.bundle.js (1)
4월 29, 2021 21:27:18.38 [8736:3948:0429/212718.383:ERROR:CONSOLE(1)] "[Shields]: Can't request shields panel data. Error: No tab url specified", source: chrome-extension://mnojpmjdmbbfmejpflffifhffcmidifd/out/brave_extension_background.bundle.js (1)
4월 29, 2021 21:33:44.70 [8736:3948:0429/213344.703:ERROR:CONSOLE(1)] "[Shields]: Can't request shields panel data. Error: No tab url specified", source: chrome-extension://mnojpmjdmbbfmejpflffifhffcmidifd/out/brave_extension_background.bundle.js (1)
4월 29, 2021 21:33:44.70 [8736:3948:0429/213344.708:ERROR:CONSOLE(1)] "[Shields]: Can't request shields panel data. Error: No tab url specified", source: chrome-extension://mnojpmjdmbbfmejpflffifhffcmidifd/out/brave_extension_background.bundle.js (1)
4월 29, 2021 21:50:23.13 Failed to parse JSON adblock resources: EOF while parsing a value at line 1 column 0
4월 29, 2021 21:50:23.54 [6560:11584:0429/215023.541:ERROR:CONSOLE(1)] "[Shields]: Can't request shields panel data. Error: No tab url specified", source: chrome-extension://mnojpmjdmbbfmejpflffifhffcmidifd/out/brave_extension_background.bundle.js (1)
4월 29, 2021 21:50:24.59 [6560:11584:0429/215024.598:ERROR:sharing_service.cc(218)] Device registration failed with fatal error
4월 29, 2021 21:50:24.65 [6560:11584:0429/215024.651:ERROR:device_event_log_impl.cc(214)] [21:50:24.652] Bluetooth: bluetooth_adapter_winrt.cc:1072 Getting Default Adapter failed.
4월 29, 2021 21:50:56.63 Failed to parse JSON adblock resources: EOF while parsing a value at line 1 column 0
4월 29, 2021 21:50:57.08 [12016:8608:0429/215057.081:ERROR:CONSOLE(1)] "[Shields]: Can't request shields panel data. Error: No tab url specified", source: chrome-extension://mnojpmjdmbbfmejpflffifhffcmidifd/out/brave_extension_background.bundle.js (1)
4월 29, 2021 21:50:57.53 [12016:8608:0429/215057.531:ERROR:sharing_service.cc(218)] Device registration failed with fatal error
4월 29, 2021 21:50:58.94 [12016:11616:0429/215058.943:ERROR:get_updates_processor.cc(257)] PostClientToServerMessage() failed during GetUpdates with error 2
4월 29, 2021 21:51:32.73 Failed to parse JSON adblock resources: EOF while parsing a value at line 1 column 0
4월 29, 2021 21:51:33.06 [10264:11232:0429/215133.065:ERROR:CONSOLE(1)] "[Shields]: Can't request shields panel data. Error: No tab url specified", source: chrome-extension://mnojpmjdmbbfmejpflffifhffcmidifd/out/brave_extension_background.bundle.js (1)
4월 29, 2021 21:51:33.52 [10264:11232:0429/215133.524:ERROR:sharing_service.cc(218)] Device registration failed with fatal error
4월 29, 2021 21:51:34.54 [10264:11232:0429/215134.543:ERROR:device_event_log_impl.cc(214)] [21:51:34.543] Bluetooth: bluetooth_adapter_winrt.cc:1072 Getting Default Adapter failed.
4월 29, 2021 21:51:34.62 [10264:2316:0429/215134.626:ERROR:get_updates_processor.cc(257)] PostClientToServerMessage() failed during GetUpdates with error 2
4월 29, 2021 21:52:08.72 Failed to parse JSON adblock resources: EOF while parsing a value at line 1 column 0
4월 29, 2021 21:52:09.05 [8000:10752:0429/215209.058:ERROR:CONSOLE(1)] "[Shields]: Can't request shields panel data. Error: No tab url specified", source: chrome-extension://mnojpmjdmbbfmejpflffifhffcmidifd/out/brave_extension_background.bundle.js (1)
4월 29, 2021 21:52:09.49 [8000:10752:0429/215209.495:ERROR:sharing_service.cc(218)] Device registration failed with fatal error
4월 29, 2021 21:52:19.51 [8000:10752:0429/215219.515:ERROR:device_event_log_impl.cc(214)] [21:52:19.514] Bluetooth: bluetooth_adapter_winrt.cc:1072 Getting Default Adapter failed.
4월 29, 2021 21:55:00.44 [8000:10752:0429/215500.442:ERROR:CONSOLE(1)] "[Shields]: Can't request shields panel data. Error: No tab url specified", source: chrome-extension://mnojpmjdmbbfmejpflffifhffcmidifd/out/brave_extension_background.bundle.js (1)
4월 29, 2021 21:55:00.44 [8000:10752:0429/215500.447:ERROR:CONSOLE(1)] "[Shields]: Can't request shields panel data. Error: No tab url specified", source: chrome-extension://mnojpmjdmbbfmejpflffifhffcmidifd/out/brave_extension_background.bundle.js (1)
4월 29, 2021 21:55:00.44 [8000:10752:0429/215500.448:ERROR:CONSOLE(1)] "[Shields]: Can't request shields panel data. Error: No tab url specified", source: chrome-extension://mnojpmjdmbbfmejpflffifhffcmidifd/out/brave_extension_background.bundle.js (1)
4월 29, 2021 22:02:34.23 [8000:10752:0429/220234.238:ERROR:CONSOLE(1)] "[Shields]: Can't request shields panel data. Error: No tab url specified", source: chrome-extension://mnojpmjdmbbfmejpflffifhffcmidifd/out/brave_extension_background.bundle.js (1)
4월 29, 2021 22:02:34.24 [8000:10752:0429/220234.240:ERROR:CONSOLE(1)] "[Shields]: Can't request shields panel data. Error: No tab url specified", source: chrome-extension://mnojpmjdmbbfmejpflffifhffcmidifd/out/brave_extension_background.bundle.js (1)
4월 29, 2021 22:04:12.79 [8000:10752:0429/220412.793:ERROR:CONSOLE(1)] "[Shields]: Can't request shields panel data. Error: No tab url specified", source: chrome-extension://mnojpmjdmbbfmejpflffifhffcmidifd/out/brave_extension_background.bundle.js (1)
4월 29, 2021 22:04:12.79 [8000:10752:0429/220412.793:ERROR:CONSOLE(1)] "[Shields]: Can't request shields panel data. Error: No tab url specified", source: chrome-extension://mnojpmjdmbbfmejpflffifhffcmidifd/out/brave_extension_background.bundle.js (1)
4월 29, 2021 22:04:12.93 [8000:10752:0429/220412.937:ERROR:os_crypt_win.cc(93)] Failed to decrypt: 매개 변수가 틀립니다. (0x57)
4월 29, 2021 22:04:12.93 [8000:10752:0429/220412.937:ERROR:binance_service.cc(307)] Could not decrypt and save Binance token info.
4월 29, 2021 22:05:24.24 [8000:10752:0429/220524.246:ERROR:CONSOLE(1)] "[Shields]: Can't request shields panel data. Error: No tab url specified", source: chrome-extension://mnojpmjdmbbfmejpflffifhffcmidifd/out/brave_extension_background.bundle.js (1)
4월 29, 2021 22:05:24.24 [8000:10752:0429/220524.247:ERROR:CONSOLE(1)] "[Shields]: Can't request shields panel data. Error: No tab url specified", source: chrome-extension://mnojpmjdmbbfmejpflffifhffcmidifd/out/brave_extension_background.bundle.js (1)
4월 29, 2021 22:05:24.24 [8000:10752:0429/220524.249:ERROR:CONSOLE(1)] "[Shields]: Can't request shields panel data. Error: No tab url specified", source: chrome-extension://mnojpmjdmbbfmejpflffifhffcmidifd/out/brave_extension_background.bundle.js (1)
4월 29, 2021 22:14:09.30 [8000:10752:0429/221409.301:ERROR:CONSOLE(1)] "[Shields]: Can't request shields panel data. Error: No tab url specified", source: chrome-extension://mnojpmjdmbbfmejpflffifhffcmidifd/out/brave_extension_background.bundle.js (1)
4월 29, 2021 22:14:09.30 [8000:10752:0429/221409.301:ERROR:CONSOLE(1)] "[Shields]: Can't request shields panel data. Error: No tab url specified", source: chrome-extension://mnojpmjdmbbfmejpflffifhffcmidifd/out/brave_extension_background.bundle.js (1)
4월 29, 2021 22:14:09.30 [8000:10752:0429/221409.303:ERROR:CONSOLE(1)] "[Shields]: Can't request shields panel data. Error: No tab url specified", source: chrome-extension://mnojpmjdmbbfmejpflffifhffcmidifd/out/brave_extension_background.bundle.js (1)
4월 29, 2021 22:14:27.99 [8000:10752:0429/221427.996:ERROR:CONSOLE(1)] "[Shields]: Can't request shields panel data. Error: No tab url specified", source: chrome-extension://mnojpmjdmbbfmejpflffifhffcmidifd/out/brave_extension_background.bundle.js (1)
4월 29, 2021 22:14:28.00 [8000:10752:0429/221428.000:ERROR:CONSOLE(1)] "[Shields]: Can't request shields panel data. Error: No tab url specified", source: chrome-extension://mnojpmjdmbbfmejpflffifhffcmidifd/out/brave_extension_background.bundle.js (1)
4월 29, 2021 22:14:28.00 [8000:10752:0429/221428.002:ERROR:CONSOLE(1)] "[Shields]: Can't request shields panel data. Error: No tab url specified", source: chrome-extension://mnojpmjdmbbfmejpflffifhffcmidifd/out/brave_extension_background.bundle.js (1)
4월 29, 2021 22:15:54.56 [8000:10752:0429/221554.564:ERROR:CONSOLE(1)] "[Shields]: Can't request shields panel data. Error: No tab url specified", source: chrome-extension://mnojpmjdmbbfmejpflffifhffcmidifd/out/brave_extension_background.bundle.js (1)
4월 29, 2021 22:15:54.56 [8000:10752:0429/221554.565:ERROR:CONSOLE(1)] "[Shields]: Can't request shields panel data. Error: No tab url specified", source: chrome-extension://mnojpmjdmbbfmejpflffifhffcmidifd/out/brave_extension_background.bundle.js (1)
4월 29, 2021 22:16:31.30 [8000:10752:0429/221631.307:ERROR:CONSOLE(1)] "[Shields]: Can't request shields panel data. Error: No tab url specified", source: chrome-extension://mnojpmjdmbbfmejpflffifhffcmidifd/out/brave_extension_background.bundle.js (1)
4월 29, 2021 22:16:31.30 [8000:10752:0429/221631.307:ERROR:CONSOLE(1)] "[Shields]: Can't request shields panel data. Error: No tab url specified", source: chrome-extension://mnojpmjdmbbfmejpflffifhffcmidifd/out/brave_extension_background.bundle.js (1)
4월 29, 2021 22:17:01.05 [8000:10752:0429/221701.052:ERROR:CONSOLE(1)] "[Shields]: Can't request shields panel data. Error: No tab url specified", source: chrome-extension://mnojpmjdmbbfmejpflffifhffcmidifd/out/brave_extension_background.bundle.js (1)
4월 29, 2021 22:17:01.05 [8000:10752:0429/221701.054:ERROR:CONSOLE(1)] "[Shields]: Can't request shields panel data. Error: No tab url specified", source: chrome-extension://mnojpmjdmbbfmejpflffifhffcmidifd/out/brave_extension_background.bundle.js (1)
4월 29, 2021 22:17:01.05 [8000:10752:0429/221701.055:ERROR:CONSOLE(1)] "[Shields]: Can't request shields panel data. Error: No tab url specified", source: chrome-extension://mnojpmjdmbbfmejpflffifhffcmidifd/out/brave_extension_background.bundle.js (1)
4월 29, 2021 22:20:36.12 [8000:10752:0429/222036.121:ERROR:CONSOLE(1)] "[Shields]: Can't request shields panel data. Error: No tab url specified", source: chrome-extension://mnojpmjdmbbfmejpflffifhffcmidifd/out/brave_extension_background.bundle.js (1)
4월 29, 2021 22:20:36.12 [8000:10752:0429/222036.124:ERROR:CONSOLE(1)] "[Shields]: Can't request shields panel data. Error: No tab url specified", source: chrome-extension://mnojpmjdmbbfmejpflffifhffcmidifd/out/brave_extension_background.bundle.js (1)
4월 29, 2021 22:21:25.87 [8000:10752:0429/222125.873:ERROR:CONSOLE(1)] "[Shields]: Can't request shields panel data. Error: No tab url specified", source: chrome-extension://mnojpmjdmbbfmejpflffifhffcmidifd/out/brave_extension_background.bundle.js (1)
4월 29, 2021 22:21:25.87 [8000:10752:0429/222125.873:ERROR:CONSOLE(1)] "[Shields]: Can't request shields panel data. Error: No tab url specified", source: chrome-extension://mnojpmjdmbbfmejpflffifhffcmidifd/out/brave_extension_background.bundle.js (1)
4월 29, 2021 22:23:24.17 [8000:10752:0429/222324.172:ERROR:CONSOLE(1)] "[Shields]: Can't request shields panel data. Error: No tab url specified", source: chrome-extension://mnojpmjdmbbfmejpflffifhffcmidifd/out/brave_extension_background.bundle.js (1)
4월 29, 2021 22:23:24.17 [8000:10752:0429/222324.173:ERROR:CONSOLE(1)] "[Shields]: Can't request shields panel data. Error: No tab url specified", source: chrome-extension://mnojpmjdmbbfmejpflffifhffcmidifd/out/brave_extension_background.bundle.js (1)
4월 29, 2021 22:24:17.61 [8000:10752:0429/222417.616:ERROR:CONSOLE(1)] "[Shields]: Can't request shields panel data. Error: No tab url specified", source: chrome-extension://mnojpmjdmbbfmejpflffifhffcmidifd/out/brave_extension_background.bundle.js (1)
4월 29, 2021 22:24:17.61 [8000:10752:0429/222417.616:ERROR:CONSOLE(1)] "[Shields]: Can't request shields panel data. Error: No tab url specified", source: chrome-extension://mnojpmjdmbbfmejpflffifhffcmidifd/out/brave_extension_background.bundle.js (1)
4월 29, 2021 22:24:17.62 [8000:10752:0429/222417.620:ERROR:CONSOLE(1)] "[Shields]: Can't request shields panel data. Error: No tab url specified", source: chrome-extension://mnojpmjdmbbfmejpflffifhffcmidifd/out/brave_extension_background.bundle.js (1)
4월 29, 2021 23:01:51.95 [8000:10752:0429/230151.939:ERROR:CONSOLE(1)] "[Shields]: Can't request shields panel data. Error: No tab url specified", source: chrome-extension://mnojpmjdmbbfmejpflffifhffcmidifd/out/brave_extension_background.bundle.js (1)
4월 29, 2021 23:01:51.95 [8000:10752:0429/230151.943:ERROR:CONSOLE(1)] "[Shields]: Can't request shields panel data. Error: No tab url specified", source: chrome-extension://mnojpmjdmbbfmejpflffifhffcmidifd/out/brave_extension_background.bundle.js (1)
4월 29, 2021 23:01:51.95 [8000:10752:0429/230151.945:ERROR:CONSOLE(1)] "[Shields]: Can't request shields panel data. Error: No tab url specified", source: chrome-extension://mnojpmjdmbbfmejpflffifhffcmidifd/out/brave_extension_background.bundle.js (1)
4월 29, 2021 23:02:46.58 [8000:10752:0429/230246.585:ERROR:CONSOLE(1)] "[Shields]: Can't request shields panel data. Error: No tab url specified", source: chrome-extension://mnojpmjdmbbfmejpflffifhffcmidifd/out/brave_extension_background.bundle.js (1)
4월 29, 2021 23:02:46.58 [8000:10752:0429/230246.588:ERROR:CONSOLE(1)] "[Shields]: Can't request shields panel data. Error: No tab url specified", source: chrome-extension://mnojpmjdmbbfmejpflffifhffcmidifd/out/brave_extension_background.bundle.js (1)
4월 29, 2021 23:03:01.45 [8000:10752:0429/230301.456:ERROR:CONSOLE(1)] "[Shields]: Can't request shields panel data. Error: No tab url specified", source: chrome-extension://mnojpmjdmbbfmejpflffifhffcmidifd/out/brave_extension_background.bundle.js (1)
4월 29, 2021 23:03:01.45 [8000:10752:0429/230301.456:ERROR:CONSOLE(1)] "[Shields]: Can't request shields panel data. Error: No tab url specified", source: chrome-extension://mnojpmjdmbbfmejpflffifhffcmidifd/out/brave_extension_background.bundle.js (1)
4월 29, 2021 23:05:15.48 Failed to parse JSON adblock resources: EOF while parsing a value at line 1 column 0
4월 29, 2021 23:05:15.93 [8532:6884:0429/230515.939:ERROR:CONSOLE(1)] "[Shields]: Can't request shields panel data. Error: No tab url specified", source: chrome-extension://mnojpmjdmbbfmejpflffifhffcmidifd/out/brave_extension_background.bundle.js (1)
4월 29, 2021 23:05:16.63 [8532:6884:0429/230516.632:ERROR:sharing_service.cc(218)] Device registration failed with fatal error
4월 29, 2021 23:05:23.64 [8532:6884:0429/230523.649:ERROR:device_event_log_impl.cc(214)] [23:05:23.649] Bluetooth: bluetooth_adapter_winrt.cc:1072 Getting Default Adapter failed.
4월 29, 2021 23:07:34.88 [8532:6884:0429/230734.888:ERROR:CONSOLE(1)] "[Shields]: Can't request shields panel data. Error: No tab url specified", source: chrome-extension://mnojpmjdmbbfmejpflffifhffcmidifd/out/brave_extension_background.bundle.js (1)
4월 29, 2021 23:07:34.88 [8532:6884:0429/230734.888:ERROR:CONSOLE(1)] "[Shields]: Can't request shields panel data. Error: No tab url specified", source: chrome-extension://mnojpmjdmbbfmejpflffifhffcmidifd/out/brave_extension_background.bundle.js (1)
4월 29, 2021 23:07:34.89 [8532:6884:0429/230734.889:ERROR:CONSOLE(1)] "[Shields]: Can't request shields panel data. Error: No tab url specified", source: chrome-extension://mnojpmjdmbbfmejpflffifhffcmidifd/out/brave_extension_background.bundle.js (1)
4월 29, 2021 23:07:48.09 [8532:6884:0429/230748.096:ERROR:CONSOLE(1)] "[Shields]: Can't request shields panel data. Error: No tab url specified", source: chrome-extension://mnojpmjdmbbfmejpflffifhffcmidifd/out/brave_extension_background.bundle.js (1)
4월 29, 2021 23:07:48.09 [8532:6884:0429/230748.096:ERROR:CONSOLE(1)] "[Shields]: Can't request shields panel data. Error: No tab url specified", source: chrome-extension://mnojpmjdmbbfmejpflffifhffcmidifd/out/brave_extension_background.bundle.js (1)
4월 29, 2021 23:07:48.10 [8532:6884:0429/230748.102:ERROR:CONSOLE(1)] "[Shields]: Can't request shields panel data. Error: No tab url specified", source: chrome-extension://mnojpmjdmbbfmejpflffifhffcmidifd/out/brave_extension_background.bundle.js (1)
4월 29, 2021 23:11:01.56 [8532:6884:0429/231101.564:ERROR:CONSOLE(1)] "[Shields]: Can't request shields panel data. Error: No tab url specified", source: chrome-extension://mnojpmjdmbbfmejpflffifhffcmidifd/out/brave_extension_background.bundle.js (1)
4월 29, 2021 23:11:01.56 [8532:6884:0429/231101.564:ERROR:CONSOLE(1)] "[Shields]: Can't request shields panel data. Error: No tab url specified", source: chrome-extension://mnojpmjdmbbfmejpflffifhffcmidifd/out/brave_extension_background.bundle.js (1)
4월 29, 2021 23:12:48.07 [8532:6884:0429/231248.078:ERROR:CONSOLE(1)] "[Shields]: Can't request shields panel data. Error: No tab url specified", source: chrome-extension://mnojpmjdmbbfmejpflffifhffcmidifd/out/brave_extension_background.bundle.js (1)
4월 29, 2021 23:12:48.08 [8532:6884:0429/231248.082:ERROR:CONSOLE(1)] "[Shields]: Can't request shields panel data. Error: No tab url specified", source: chrome-extension://mnojpmjdmbbfmejpflffifhffcmidifd/out/brave_extension_background.bundle.js (1)
4월 29, 2021 23:14:51.79 [8532:6884:0429/231451.791:ERROR:CONSOLE(1)] "[Shields]: Can't request shields panel data. Error: No tab url specified", source: chrome-extension://mnojpmjdmbbfmejpflffifhffcmidifd/out/brave_extension_background.bundle.js (1)
4월 29, 2021 23:14:51.79 [8532:6884:0429/231451.791:ERROR:CONSOLE(1)] "[Shields]: Can't request shields panel data. Error: No tab url specified", source: chrome-extension://mnojpmjdmbbfmejpflffifhffcmidifd/out/brave_extension_background.bundle.js (1)
4월 29, 2021 23:18:17.10 [8532:6884:0429/231817.099:ERROR:CONSOLE(1)] "[Shields]: Can't request shields panel data. Error: No tab url specified", source: chrome-extension://mnojpmjdmbbfmejpflffifhffcmidifd/out/brave_extension_background.bundle.js (1)
4월 29, 2021 23:18:17.10 [8532:6884:0429/231817.099:ERROR:CONSOLE(1)] "[Shields]: Can't request shields panel data. Error: No tab url specified", source: chrome-extension://mnojpmjdmbbfmejpflffifhffcmidifd/out/brave_extension_background.bundle.js (1)
4월 29, 2021 23:18:41.14 [8532:6884:0429/231841.141:ERROR:CONSOLE(1)] "[Shields]: Can't request shields panel data. Error: No tab url specified", source: chrome-extension://mnojpmjdmbbfmejpflffifhffcmidifd/out/brave_extension_background.bundle.js (1)
4월 29, 2021 23:18:41.14 [8532:6884:0429/231841.143:ERROR:CONSOLE(1)] "[Shields]: Can't request shields panel data. Error: No tab url specified", source: chrome-extension://mnojpmjdmbbfmejpflffifhffcmidifd/out/brave_extension_background.bundle.js (1)
4월 29, 2021 23:18:41.14 [8532:6884:0429/231841.143:ERROR:CONSOLE(1)] "[Shields]: Can't request shields panel data. Error: No tab url specified", source: chrome-extension://mnojpmjdmbbfmejpflffifhffcmidifd/out/brave_extension_background.bundle.js (1)
4월 29, 2021 23:27:09.91 [8532:10548:0429/232709.918:ERROR:get_updates_processor.cc(257)] PostClientToServerMessage() failed during GetUpdates with error 4
4월 29, 2021 23:37:44.35 [8532:3696:0429/233744.352:ERROR:get_updates_processor.cc(257)] PostClientToServerMessage() failed during GetUpdates with error 4
4월 29, 2021 23:41:19.21 [8532:6884:0429/234119.215:ERROR:CONSOLE(1)] "[Shields]: Can't request shields panel data. Error: No tab url specified", source: chrome-extension://mnojpmjdmbbfmejpflffifhffcmidifd/out/brave_extension_background.bundle.js (1)
4월 29, 2021 23:41:19.21 [8532:6884:0429/234119.218:ERROR:CONSOLE(1)] "[Shields]: Can't request shields panel data. Error: No tab url specified", source: chrome-extension://mnojpmjdmbbfmejpflffifhffcmidifd/out/brave_extension_background.bundle.js (1)
4월 29, 2021 23:42:43.97 [8532:6884:0429/234243.973:ERROR:CONSOLE(1)] "[Shields]: Can't request shields panel data. Error: No tab url specified", source: chrome-extension://mnojpmjdmbbfmejpflffifhffcmidifd/out/brave_extension_background.bundle.js (1)
4월 29, 2021 23:42:43.97 [8532:6884:0429/234243.977:ERROR:CONSOLE(1)] "[Shields]: Can't request shields panel data. Error: No tab url specified", source: chrome-extension://mnojpmjdmbbfmejpflffifhffcmidifd/out/brave_extension_background.bundle.js (1)
4월 29, 2021 23:42:43.98 [8532:6884:0429/234243.980:ERROR:CONSOLE(1)] "[Shields]: Can't request shields panel data. Error: No tab url specified", source: chrome-extension://mnojpmjdmbbfmejpflffifhffcmidifd/out/brave_extension_background.bundle.js (1)
4월 29, 2021 23:45:58.07 [8532:3096:0429/234558.077:ERROR:get_updates_processor.cc(257)] PostClientToServerMessage() failed during GetUpdates with error 4
4월 29, 2021 23:52:47.05 [8532:6884:0429/235247.052:ERROR:CONSOLE(1)] "[Shields]: Can't request shields panel data. Error: No tab url specified", source: chrome-extension://mnojpmjdmbbfmejpflffifhffcmidifd/out/brave_extension_background.bundle.js (1)
4월 29, 2021 23:52:47.05 [8532:6884:0429/235247.055:ERROR:CONSOLE(1)] "[Shields]: Can't request shields panel data. Error: No tab url specified", source: chrome-extension://mnojpmjdmbbfmejpflffifhffcmidifd/out/brave_extension_background.bundle.js (1)
4월 29, 2021 23:53:25.49 [8532:6884:0429/235325.496:ERROR:CONSOLE(1)] "[Shields]: Can't request shields panel data. Error: No tab url specified", source: chrome-extension://mnojpmjdmbbfmejpflffifhffcmidifd/out/brave_extension_background.bundle.js (1)
4월 29, 2021 23:53:25.50 [8532:6884:0429/235325.500:ERROR:CONSOLE(1)] "[Shields]: Can't request shields panel data. Error: No tab url specified", source: chrome-extension://mnojpmjdmbbfmejpflffifhffcmidifd/out/brave_extension_background.bundle.js (1)
4월 29, 2021 23:58:00.93 [8532:6884:0429/235800.935:ERROR:CONSOLE(1)] "[Shields]: Can't request shields panel data. Error: No tab url specified", source: chrome-extension://mnojpmjdmbbfmejpflffifhffcmidifd/out/brave_extension_background.bundle.js (1)
4월 29, 2021 23:58:00.93 [8532:6884:0429/235800.938:ERROR:CONSOLE(1)] "[Shields]: Can't request shields panel data. Error: No tab url specified", source: chrome-extension://mnojpmjdmbbfmejpflffifhffcmidifd/out/brave_extension_background.bundle.js (1)
4월 29, 2021 23:59:00.86 [8532:6884:0429/235900.861:ERROR:CONSOLE(1)] "[Shields]: Can't request shields panel data. Error: No tab url specified", source: chrome-extension://mnojpmjdmbbfmejpflffifhffcmidifd/out/brave_extension_background.bundle.js (1)
4월 29, 2021 23:59:00.86 [8532:6884:0429/235900.862:ERROR:CONSOLE(1)] "[Shields]: Can't request shields panel data. Error: No tab url specified", source: chrome-extension://mnojpmjdmbbfmejpflffifhffcmidifd/out/brave_extension_background.bundle.js (1)
4월 29, 2021 23:59:01.04 [8532:6884:0429/235901.046:ERROR:os_crypt_win.cc(93)] Failed to decrypt: 매개 변수가 틀립니다. (0x57)
4월 29, 2021 23:59:01.04 [8532:6884:0429/235901.046:ERROR:binance_service.cc(307)] Could not decrypt and save Binance token info.
4월 30, 2021 24:02:21.95 [8532:6080:0430/000221.959:ERROR:get_updates_processor.cc(257)] PostClientToServerMessage() failed during GetUpdates with error 4
4월 30, 2021 24:04:09.84 [8532:6884:0430/000409.845:ERROR:CONSOLE(1)] "[Shields]: Can't request shields panel data. Error: No tab url specified", source: chrome-extension://mnojpmjdmbbfmejpflffifhffcmidifd/out/brave_extension_background.bundle.js (1)
4월 30, 2021 24:04:09.84 [8532:6884:0430/000409.846:ERROR:CONSOLE(1)] "[Shields]: Can't request shields panel data. Error: No tab url specified", source: chrome-extension://mnojpmjdmbbfmejpflffifhffcmidifd/out/brave_extension_background.bundle.js (1)
4월 30, 2021 24:04:09.84 [8532:6884:0430/000409.846:ERROR:CONSOLE(1)] "[Shields]: Can't request shields panel data. Error: No tab url specified", source: chrome-extension://mnojpmjdmbbfmejpflffifhffcmidifd/out/brave_extension_background.bundle.js (1)
4월 30, 2021 24:04:36.21 [8532:6884:0430/000436.219:ERROR:CONSOLE(1)] "[Shields]: Can't request shields panel data. Error: No tab url specified", source: chrome-extension://mnojpmjdmbbfmejpflffifhffcmidifd/out/brave_extension_background.bundle.js (1)
4월 30, 2021 24:04:36.22 [8532:6884:0430/000436.222:ERROR:CONSOLE(1)] "[Shields]: Can't request shields panel data. Error: No tab url specified", source: chrome-extension://mnojpmjdmbbfmejpflffifhffcmidifd/out/brave_extension_background.bundle.js (1)
4월 30, 2021 24:05:12.43 [8532:4104:0430/000512.429:ERROR:get_updates_processor.cc(257)] PostClientToServerMessage() failed during GetUpdates with error 4
4월 30, 2021 24:08:01.07 [8532:6884:0430/000801.076:ERROR:CONSOLE(1)] "[Shields]: Can't request shields panel data. Error: No tab url specified", source: chrome-extension://mnojpmjdmbbfmejpflffifhffcmidifd/out/brave_extension_background.bundle.js (1)
4월 30, 2021 24:08:01.08 [8532:6884:0430/000801.080:ERROR:CONSOLE(1)] "[Shields]: Can't request shields panel data. Error: No tab url specified", source: chrome-extension://mnojpmjdmbbfmejpflffifhffcmidifd/out/brave_extension_background.bundle.js (1)
4월 30, 2021 24:08:41.82 [8532:6884:0430/000841.820:ERROR:CONSOLE(1)] "[Shields]: Can't request shields panel data. Error: No tab url specified", source: chrome-extension://mnojpmjdmbbfmejpflffifhffcmidifd/out/brave_extension_background.bundle.js (1)
4월 30, 2021 24:08:41.82 [8532:6884:0430/000841.820:ERROR:CONSOLE(1)] "[Shields]: Can't request shields panel data. Error: No tab url specified", source: chrome-extension://mnojpmjdmbbfmejpflffifhffcmidifd/out/brave_extension_background.bundle.js (1)
4월 30, 2021 24:11:55.46 [8532:6884:0430/001155.463:ERROR:CONSOLE(1)] "[Shields]: Can't request shields panel data. Error: No tab url specified", source: chrome-extension://mnojpmjdmbbfmejpflffifhffcmidifd/out/brave_extension_background.bundle.js (1)
4월 30, 2021 24:11:55.46 [8532:6884:0430/001155.463:ERROR:CONSOLE(1)] "[Shields]: Can't request shields panel data. Error: No tab url specified", source: chrome-extension://mnojpmjdmbbfmejpflffifhffcmidifd/out/brave_extension_background.bundle.js (1)
4월 30, 2021 24:11:55.46 [8532:6884:0430/001155.463:ERROR:CONSOLE(1)] "[Shields]: Can't request shields panel data. Error: No tab url specified", source: chrome-extension://mnojpmjdmbbfmejpflffifhffcmidifd/out/brave_extension_background.bundle.js (1)
4월 30, 2021 24:12:53.02 [8532:6884:0430/001253.021:ERROR:CONSOLE(1)] "[Shields]: Can't request shields panel data. Error: No tab url specified", source: chrome-extension://mnojpmjdmbbfmejpflffifhffcmidifd/out/brave_extension_background.bundle.js (1)
4월 30, 2021 24:12:53.02 [8532:6884:0430/001253.022:ERROR:CONSOLE(1)] "[Shields]: Can't request shields panel data. Error: No tab url specified", source: chrome-extension://mnojpmjdmbbfmejpflffifhffcmidifd/out/brave_extension_background.bundle.js (1)
4월 30, 2021 24:13:53.42 [8532:6884:0430/001353.423:ERROR:CONSOLE(0)] "Unchecked runtime.lastError: No tab with id: 181.", source: chrome-extension://mnojpmjdmbbfmejpflffifhffcmidifd/_generated_background_page.html (0)
4월 30, 2021 24:13:53.42 [8532:6884:0430/001353.423:ERROR:CONSOLE(0)] "Unchecked runtime.lastError: No tab with id: 181.", source: chrome-extension://mnojpmjdmbbfmejpflffifhffcmidifd/_generated_background_page.html (0)
4월 30, 2021 24:13:53.44 [8532:6884:0430/001353.441:ERROR:CONSOLE(0)] "Unchecked runtime.lastError: No tab with id: 181.", source: chrome-extension://mnojpmjdmbbfmejpflffifhffcmidifd/_generated_background_page.html (0)
4월 30, 2021 24:13:53.44 [8532:6884:0430/001353.441:ERROR:CONSOLE(1)] "[Shields]: Can't request shields panel data. Error: No tab url specified", source: chrome-extension://mnojpmjdmbbfmejpflffifhffcmidifd/out/brave_extension_background.bundle.js (1)
4월 30, 2021 24:13:53.44 [8532:6884:0430/001353.441:ERROR:CONSOLE(0)] "Unchecked runtime.lastError: No tab with id: 187.", source: chrome-extension://mnojpmjdmbbfmejpflffifhffcmidifd/_generated_background_page.html (0)
4월 30, 2021 24:13:53.44 [8532:6884:0430/001353.441:ERROR:CONSOLE(0)] "Unchecked runtime.lastError: No tab with id: 187.", source: chrome-extension://mnojpmjdmbbfmejpflffifhffcmidifd/_generated_background_page.html (0)
4월 30, 2021 24:13:53.44 [8532:6884:0430/001353.441:ERROR:CONSOLE(0)] "Unchecked runtime.lastError: No tab with id: 187.", source: chrome-extension://mnojpmjdmbbfmejpflffifhffcmidifd/_generated_background_page.html (0)
4월 30, 2021 24:13:53.46 [8532:6884:0430/001353.466:ERROR:CONSOLE(0)] "Unchecked runtime.lastError: No tab with id: 187.", source: chrome-extension://mnojpmjdmbbfmejpflffifhffcmidifd/_generated_background_page.html (0)
4월 30, 2021 24:13:54.65 [8532:6884:0430/001354.650:ERROR:CONSOLE(1)] "[Shields]: Can't request shields panel data. Error: No tab url specified", source: chrome-extension://mnojpmjdmbbfmejpflffifhffcmidifd/out/brave_extension_background.bundle.js (1)
4월 30, 2021 24:13:54.65 [8532:6884:0430/001354.650:ERROR:CONSOLE(1)] "[Shields]: Can't request shields panel data. Error: No tab url specified", source: chrome-extension://mnojpmjdmbbfmejpflffifhffcmidifd/out/brave_extension_background.bundle.js (1)
4월 30, 2021 24:15:47.22 [8532:6884:0430/001547.223:ERROR:CONSOLE(1)] "[Shields]: Can't request shields panel data. Error: No tab url specified", source: chrome-extension://mnojpmjdmbbfmejpflffifhffcmidifd/out/brave_extension_background.bundle.js (1)
4월 30, 2021 24:15:47.22 [8532:6884:0430/001547.225:ERROR:CONSOLE(1)] "[Shields]: Can't request shields panel data. Error: No tab url specified", source: chrome-extension://mnojpmjdmbbfmejpflffifhffcmidifd/out/brave_extension_background.bundle.js (1)
4월 30, 2021 24:15:47.22 [8532:6884:0430/001547.227:ERROR:CONSOLE(1)] "[Shields]: Can't request shields panel data. Error: No tab url specified", source: chrome-extension://mnojpmjdmbbfmejpflffifhffcmidifd/out/brave_extension_background.bundle.js (1)
4월 30, 2021 24:16:11.52 [8532:10896:0430/001611.523:ERROR:get_updates_processor.cc(257)] PostClientToServerMessage() failed during GetUpdates with error 4
4월 30, 2021 24:25:39.83 [8532:1720:0430/002539.830:ERROR:get_updates_processor.cc(257)] PostClientToServerMessage() failed during GetUpdates with error 4
4월 30, 2021 24:30:08.54 [8532:6884:0430/003008.544:ERROR:CONSOLE(1)] "[Shields]: Can't request shields panel data. Error: No tab url specified", source: chrome-extension://mnojpmjdmbbfmejpflffifhffcmidifd/out/brave_extension_background.bundle.js (1)
4월 30, 2021 24:30:08.54 [8532:6884:0430/003008.548:ERROR:CONSOLE(1)] "[Shields]: Can't request shields panel data. Error: No tab url specified", source: chrome-extension://mnojpmjdmbbfmejpflffifhffcmidifd/out/brave_extension_background.bundle.js (1)
4월 30, 2021 24:30:08.55 [8532:6884:0430/003008.550:ERROR:CONSOLE(1)] "[Shields]: Can't request shields panel data. Error: No tab url specified", source: chrome-extension://mnojpmjdmbbfmejpflffifhffcmidifd/out/brave_extension_background.bundle.js (1)
4월 30, 2021 24:34:37.71 [8532:6884:0430/003437.711:ERROR:CONSOLE(1)] "[Shields]: Can't request shields panel data. Error: No tab url specified", source: chrome-extension://mnojpmjdmbbfmejpflffifhffcmidifd/out/brave_extension_background.bundle.js (1)
4월 30, 2021 24:34:37.71 [8532:6884:0430/003437.713:ERROR:CONSOLE(1)] "[Shields]: Can't request shields panel data. Error: No tab url specified", source: chrome-extension://mnojpmjdmbbfmejpflffifhffcmidifd/out/brave_extension_background.bundle.js (1)
